<?xml version="1.0" encoding="UTF-8"?>
<!-- Generated by org.testng.reporters.JUnitXMLReporter -->
<testsuite ignored="2" hostname="Sree" failures="0" tests="2" name="AutomationExerciseTests" time="31.59" errors="0" timestamp="2025-10-04T21:24:02 IST">
  <testcase classname="com.AutomationExercise.Tests.TC01_RegisterUser" name="registerUserTest" time="11.869"/>
  <testcase classname="com.AutomationExercise.Tests.TC02_LoginUser" name="loginUserTest" time="8.562"/>
  <testcase classname="com.AutomationExercise.BaseTest.baseTest" name="@AfterSuite flushReport" time="0.0">
    <ignored/>
  </testcase> <!-- @AfterSuite flushReport -->
  <testcase classname="com.AutomationExercise.BaseTest.baseTest" name="@BeforeSuite setupReport" time="0.0">
    <ignored/>
  </testcase> <!-- @BeforeSuite setupReport -->
</testsuite> <!-- AutomationExerciseTests -->
