<?xml version="1.0" encoding="UTF-8"?>
<testng-results ignored="0" total="2" passed="2" failed="0" skipped="0">
  <reporter-output>
  </reporter-output>
  <suite started-at="2025-10-04T21:23:30 IST" name="AutomationExerciseSuite" finished-at="2025-10-04T21:24:02 IST" duration-ms="31590">
    <groups>
    </groups>
    <test started-at="2025-10-04T21:23:30 IST" name="AutomationExerciseTests" finished-at="2025-10-04T21:24:02 IST" duration-ms="31590">
      <class name="com.AutomationExercise.Tests.TC01_RegisterUser">
        <test-method is-config="true" signature="setupReport()[pri:0, instance:com.AutomationExercise.Tests.TC01_RegisterUser@3b0090a4]" started-at="2025-10-04T21:23:30 IST" name="setupReport" finished-at="2025-10-04T21:23:30 IST" duration-ms="313" status="PASS">
          <reporter-output>
          </reporter-output>
        </test-method> <!-- setupReport -->
        <test-method is-config="true" signature="setUp()[pri:0, instance:com.AutomationExercise.Tests.TC01_RegisterUser@3b0090a4]" started-at="2025-10-04T21:23:30 IST" name="setUp" finished-at="2025-10-04T21:23:36 IST" duration-ms="5605" status="PASS">
          <reporter-output>
          </reporter-output>
        </test-method> <!-- setUp -->
        <test-method is-config="true" signature="startTest(java.lang.reflect.Method)[pri:0, instance:com.AutomationExercise.Tests.TC01_RegisterUser@3b0090a4]" started-at="2025-10-04T21:23:36 IST" name="startTest" finished-at="2025-10-04T21:23:36 IST" duration-ms="8" status="PASS">
          <params>
            <param index="0">
              <value>
                <![CDATA[public void com.AutomationExercise.Tests.TC01_RegisterUser.registerUserTest()]]>
              </value>
            </param>
          </params>
          <reporter-output>
          </reporter-output>
        </test-method> <!-- startTest -->
        <test-method is-config="true" signature="setupWait()[pri:0, instance:com.AutomationExercise.Tests.TC01_RegisterUser@3b0090a4]" started-at="2025-10-04T21:23:36 IST" name="setupWait" finished-at="2025-10-04T21:23:36 IST" duration-ms="1" status="PASS">
          <reporter-output>
          </reporter-output>
        </test-method> <!-- setupWait -->
        <test-method signature="registerUserTest()[pri:0, instance:com.AutomationExercise.Tests.TC01_RegisterUser@3b0090a4]" started-at="2025-10-04T21:23:36 IST" name="registerUserTest" finished-at="2025-10-04T21:23:48 IST" duration-ms="11869" status="PASS">
          <reporter-output>
          </reporter-output>
        </test-method> <!-- registerUserTest -->
        <test-method is-config="true" signature="captureResult(org.testng.ITestResult)[pri:0, instance:com.AutomationExercise.Tests.TC01_RegisterUser@3b0090a4]" started-at="2025-10-04T21:23:48 IST" name="captureResult" finished-at="2025-10-04T21:23:48 IST" duration-ms="9" status="PASS">
          <params>
            <param index="0">
              <value>
                <![CDATA[[TestResult name=registerUserTest status=SUCCESS method=TC01_RegisterUser.registerUserTest()[pri:0, instance:com.AutomationExercise.Tests.TC01_RegisterUser@3b0090a4] output={null}]]]>
              </value>
            </param>
          </params>
          <reporter-output>
          </reporter-output>
        </test-method> <!-- captureResult -->
        <test-method is-config="true" signature="tearDown()[pri:0, instance:com.AutomationExercise.Tests.TC01_RegisterUser@3b0090a4]" started-at="2025-10-04T21:23:48 IST" name="tearDown" finished-at="2025-10-04T21:23:48 IST" duration-ms="370" status="PASS">
          <reporter-output>
          </reporter-output>
        </test-method> <!-- tearDown -->
        <test-method is-config="true" signature="flushReport()[pri:0, instance:com.AutomationExercise.Tests.TC01_RegisterUser@3b0090a4]" started-at="2025-10-04T21:24:02 IST" name="flushReport" finished-at="2025-10-04T21:24:03 IST" duration-ms="434" status="PASS">
          <reporter-output>
          </reporter-output>
        </test-method> <!-- flushReport -->
      </class> <!-- com.AutomationExercise.Tests.TC01_RegisterUser -->
      <class name="com.AutomationExercise.Tests.TC02_LoginUser">
        <test-method is-config="true" signature="setUp()[pri:0, instance:com.AutomationExercise.Tests.TC02_LoginUser@247bddad]" started-at="2025-10-04T21:23:48 IST" name="setUp" finished-at="2025-10-04T21:23:53 IST" duration-ms="4839" status="PASS">
          <reporter-output>
          </reporter-output>
        </test-method> <!-- setUp -->
        <test-method is-config="true" signature="startTest(java.lang.reflect.Method)[pri:0, instance:com.AutomationExercise.Tests.TC02_LoginUser@247bddad]" started-at="2025-10-04T21:23:53 IST" name="startTest" finished-at="2025-10-04T21:23:53 IST" duration-ms="1" status="PASS">
          <params>
            <param index="0">
              <value>
                <![CDATA[public void com.AutomationExercise.Tests.TC02_LoginUser.loginUserTest()]]>
              </value>
            </param>
          </params>
          <reporter-output>
          </reporter-output>
        </test-method> <!-- startTest -->
        <test-method is-config="true" signature="setupWait()[pri:0, instance:com.AutomationExercise.Tests.TC02_LoginUser@247bddad]" started-at="2025-10-04T21:23:53 IST" name="setupWait" finished-at="2025-10-04T21:23:53 IST" duration-ms="1" status="PASS">
          <reporter-output>
          </reporter-output>
        </test-method> <!-- setupWait -->
        <test-method signature="loginUserTest()[pri:0, instance:com.AutomationExercise.Tests.TC02_LoginUser@247bddad]" started-at="2025-10-04T21:23:53 IST" name="loginUserTest" finished-at="2025-10-04T21:24:02 IST" duration-ms="8562" status="PASS">
          <reporter-output>
          </reporter-output>
        </test-method> <!-- loginUserTest -->
        <test-method is-config="true" signature="captureResult(org.testng.ITestResult)[pri:0, instance:com.AutomationExercise.Tests.TC02_LoginUser@247bddad]" started-at="2025-10-04T21:24:02 IST" name="captureResult" finished-at="2025-10-04T21:24:02 IST" duration-ms="1" status="PASS">
          <params>
            <param index="0">
              <value>
                <![CDATA[[TestResult name=loginUserTest status=SUCCESS method=TC02_LoginUser.loginUserTest()[pri:0, instance:com.AutomationExercise.Tests.TC02_LoginUser@247bddad] output={null}]]]>
              </value>
            </param>
          </params>
          <reporter-output>
          </reporter-output>
        </test-method> <!-- captureResult -->
        <test-method is-config="true" signature="tearDown()[pri:0, instance:com.AutomationExercise.Tests.TC02_LoginUser@247bddad]" started-at="2025-10-04T21:24:02 IST" name="tearDown" finished-at="2025-10-04T21:24:02 IST" duration-ms="274" status="PASS">
          <reporter-output>
          </reporter-output>
        </test-method> <!-- tearDown -->
      </class> <!-- com.AutomationExercise.Tests.TC02_LoginUser -->
    </test> <!-- AutomationExerciseTests -->
  </suite> <!-- AutomationExerciseSuite -->
</testng-results>
